<?xml version="1.0" encoding="UTF-8"?>
<testng-results ignored="0" total="2" passed="2" failed="0" skipped="0">
  <reporter-output>
  </reporter-output>
  <suite started-at="2023-04-18T10:58:51 IST" name="OpenCartSuite" finished-at="2023-04-18T10:59:03 IST" duration-ms="11377">
    <groups>
      <group name="Master">
        <method signature="TC_001_AccountRegistrationTest.test_account_Registration()[pri:0, instance:testCases.TC_001_AccountRegistrationTest@248e319b]" name="test_account_Registration" class="testCases.TC_001_AccountRegistrationTest"/>
        <method signature="TC_002_loginTest.testLogin()[pri:0, instance:testCases.TC_002_loginTest@7ef82753]" name="testLogin" class="testCases.TC_002_loginTest"/>
      </group> <!-- Master -->
      <group name="Sanity">
        <method signature="TC_002_loginTest.testLogin()[pri:0, instance:testCases.TC_002_loginTest@7ef82753]" name="testLogin" class="testCases.TC_002_loginTest"/>
      </group> <!-- Sanity -->
      <group name="Regression">
        <method signature="TC_001_AccountRegistrationTest.test_account_Registration()[pri:0, instance:testCases.TC_001_AccountRegistrationTest@248e319b]" name="test_account_Registration" class="testCases.TC_001_AccountRegistrationTest"/>
      </group> <!-- Regression -->
    </groups>
    <test started-at="2023-04-18T10:58:51 IST" name="OpenCartTest" finished-at="2023-04-18T10:59:03 IST" duration-ms="11377">
      <class name="testCases.TC_001_AccountRegistrationTest">
        <test-method is-config="true" signature="setup(java.lang.String)[pri:0, instance:testCases.TC_001_AccountRegistrationTest@248e319b]" started-at="2023-04-18T10:58:52 IST" name="setup" finished-at="2023-04-18T10:58:55 IST" duration-ms="3665" status="PASS">
          <params>
            <param index="0">
              <value>
                <![CDATA[chrome]]>
              </value>
            </param>
          </params>
          <reporter-output>
          </reporter-output>
        </test-method> <!-- setup -->
        <test-method signature="test_account_Registration()[pri:0, instance:testCases.TC_001_AccountRegistrationTest@248e319b]" started-at="2023-04-18T10:58:55 IST" name="test_account_Registration" finished-at="2023-04-18T10:58:59 IST" duration-ms="4025" status="PASS">
          <reporter-output>
          </reporter-output>
        </test-method> <!-- test_account_Registration -->
        <test-method is-config="true" signature="tearDown()[pri:0, instance:testCases.TC_001_AccountRegistrationTest@248e319b]" started-at="2023-04-18T10:58:59 IST" name="tearDown" finished-at="2023-04-18T10:59:00 IST" duration-ms="163" status="PASS">
          <reporter-output>
          </reporter-output>
        </test-method> <!-- tearDown -->
      </class> <!-- testCases.TC_001_AccountRegistrationTest -->
      <class name="testCases.TC_002_loginTest">
        <test-method is-config="true" signature="setup(java.lang.String)[pri:0, instance:testCases.TC_002_loginTest@7ef82753]" started-at="2023-04-18T10:59:00 IST" name="setup" finished-at="2023-04-18T10:59:01 IST" duration-ms="1822" status="PASS">
          <params>
            <param index="0">
              <value>
                <![CDATA[chrome]]>
              </value>
            </param>
          </params>
          <reporter-output>
          </reporter-output>
        </test-method> <!-- setup -->
        <test-method signature="testLogin()[pri:0, instance:testCases.TC_002_loginTest@7ef82753]" started-at="2023-04-18T10:59:01 IST" name="testLogin" finished-at="2023-04-18T10:59:03 IST" duration-ms="1274" status="PASS">
          <reporter-output>
          </reporter-output>
        </test-method> <!-- testLogin -->
        <test-method is-config="true" signature="tearDown()[pri:0, instance:testCases.TC_002_loginTest@7ef82753]" started-at="2023-04-18T10:59:03 IST" name="tearDown" finished-at="2023-04-18T10:59:03 IST" duration-ms="88" status="PASS">
          <reporter-output>
          </reporter-output>
        </test-method> <!-- tearDown -->
      </class> <!-- testCases.TC_002_loginTest -->
    </test> <!-- OpenCartTest -->
  </suite> <!-- OpenCartSuite -->
</testng-results>
